<?xml version="1.0" encoding="UTF-8"?>
<!-- Generated by org.testng.reporters.JUnitXMLReporter -->
<testsuite ignored="0" hostname="LAPTOP-1LQPMAFO" failures="0" tests="10" name="Chrome - Login &amp; Dashboard (parallel classes)" time="120.349" errors="0" timestamp="2025-10-13T04:47:00 IST">
  <testcase classname="com.orangehrm.tests.DashboardTests" name="verifyDashboardElementsAfterLogin" time="2.733"/>
  <testcase classname="com.orangehrm.tests.DashboardTests" name="verifyQuickLaunchWidgets" time="2.615"/>
  <testcase classname="com.orangehrm.tests.DashboardTests" name="verifyEmployeeDistributionChart" time="0.514"/>
  <testcase classname="com.orangehrm.tests.LoginTests" name="testValidLogin" time="28.11"/>
  <testcase classname="com.orangehrm.tests.LoginTests" name="testInvalidUsername" time="5.263"/>
  <testcase classname="com.orangehrm.tests.DashboardTests" name="verifyPendingLeaveRequests" time="20.638">
    <skipped/>
  </testcase> <!-- verifyPendingLeaveRequests -->
  <testcase classname="com.orangehrm.tests.DashboardTests" name="verifyDashboardCustomization" time="0.26"/>
  <testcase classname="com.orangehrm.tests.LoginTests" name="testInvalidPassword" time="10.069"/>
  <testcase classname="com.orangehrm.tests.LoginTests" name="testEmptyCredentials" time="6.289"/>
  <testcase classname="com.orangehrm.tests.LoginTests" name="testLogoutFunctionality" time="31.067"/>
</testsuite> <!-- Chrome - Login & Dashboard (parallel classes) -->
