<?xml version="1.0" encoding="UTF-8"?>
<!-- Generated by org.testng.reporters.JUnitXMLReporter -->
<testsuite ignored="0" hostname="LAPTOP-1LQPMAFO" failures="0" tests="10" name="Firefox - Login &amp; Dashboard (parallel classes)" time="116.959" errors="0" timestamp="2025-10-13T04:48:57 IST">
  <testcase classname="com.orangehrm.tests.DashboardTests" name="verifyDashboardElementsAfterLogin" time="0.835"/>
  <testcase classname="com.orangehrm.tests.DashboardTests" name="verifyQuickLaunchWidgets" time="2.305"/>
  <testcase classname="com.orangehrm.tests.DashboardTests" name="verifyEmployeeDistributionChart" time="0.547"/>
  <testcase classname="com.orangehrm.tests.LoginTests" name="testValidLogin" time="27.089"/>
  <testcase classname="com.orangehrm.tests.LoginTests" name="testInvalidUsername" time="4.225"/>
  <testcase classname="com.orangehrm.tests.DashboardTests" name="verifyPendingLeaveRequests" time="20.617">
    <skipped/>
  </testcase> <!-- verifyPendingLeaveRequests -->
  <testcase classname="com.orangehrm.tests.DashboardTests" name="verifyDashboardCustomization" time="0.479"/>
  <testcase classname="com.orangehrm.tests.LoginTests" name="testInvalidPassword" time="7.067"/>
  <testcase classname="com.orangehrm.tests.LoginTests" name="testEmptyCredentials" time="2.39"/>
  <testcase classname="com.orangehrm.tests.LoginTests" name="testLogoutFunctionality" time="27.585"/>
</testsuite> <!-- Firefox - Login & Dashboard (parallel classes) -->
