<?xml version="1.0" encoding="UTF-8"?>
<!-- Generated by org.testng.reporters.JUnitXMLReporter -->
<testsuite ignored="0" hostname="LAPTOP-1LQPMAFO" failures="0" tests="10" name="Firefox - Login &amp; Dashboard (parallel)" time="153.331" errors="0" timestamp="2025-10-13T04:52:46 IST">
  <testcase classname="com.orangehrm.tests.DashboardTests" name="verifyDashboardElementsAfterLogin" time="0.227"/>
  <testcase classname="com.orangehrm.tests.DashboardTests" name="verifyQuickLaunchWidgets" time="0.281"/>
  <testcase classname="com.orangehrm.tests.DashboardTests" name="verifyEmployeeDistributionChart" time="0.12"/>
  <testcase classname="com.orangehrm.tests.LoginTests" name="testValidLogin" time="24.009"/>
  <testcase classname="com.orangehrm.tests.DashboardTests" name="verifyPendingLeaveRequests" time="20.656">
    <skipped/>
  </testcase> <!-- verifyPendingLeaveRequests -->
  <testcase classname="com.orangehrm.tests.DashboardTests" name="verifyDashboardCustomization" time="0.481"/>
  <testcase classname="com.orangehrm.tests.LoginTests" name="testInvalidUsername" time="4.291"/>
  <testcase classname="com.orangehrm.tests.LoginTests" name="testInvalidPassword" time="4.125"/>
  <testcase classname="com.orangehrm.tests.LoginTests" name="testEmptyCredentials" time="3.98"/>
  <testcase classname="com.orangehrm.tests.LoginTests" name="testLogoutFunctionality" time="25.388"/>
</testsuite> <!-- Firefox - Login & Dashboard (parallel) -->
