<?xml version="1.0" encoding="UTF-8"?>
<!-- Generated by org.testng.reporters.JUnitXMLReporter -->
<testsuite ignored="0" hostname="LAPTOP-1LQPMAFO" failures="7" tests="15" name="E2E Flow" time="0.309" errors="0" timestamp="2025-09-23T08:53:55 IST">
  <testcase classname="com.orangehrm.tests.LoginTests" name="@BeforeMethod setup" time="0.023">
    <failure type="java.lang.ExceptionInInitializerError">
      <![CDATA[java.lang.ExceptionInInitializerError
at com.orangehrm.managers.DriverManager.getDriver(DriverManager.java:18)
at com.orangehrm.tests.LoginTests.setup(LoginTests.java:25)
at java.base/java.util.ArrayList.forEach(ArrayList.java:1511)
Caused by: java.lang.RuntimeException: Failed to load config.properties
at com.orangehrm.utils.ConfigReader.<clinit>(ConfigReader.java:15)
... 34 more
Caused by: java.io.FileNotFoundException: resources\config.properties (The system cannot find the path specified)
at java.base/java.io.FileInputStream.open0(Native Method)
at java.base/java.io.FileInputStream.open(FileInputStream.java:216)
at java.base/java.io.FileInputStream.<init>(FileInputStream.java:157)
at java.base/java.io.FileInputStream.<init>(FileInputStream.java:111)
at com.orangehrm.utils.ConfigReader.<clinit>(ConfigReader.java:12)
... 34 more
... Removed 31 stack frames]]>
    </failure>
  </testcase> <!-- @BeforeMethod setup -->
  <testcase classname="com.orangehrm.tests.LoginTests" name="@AfterMethod tearDown" time="0.0">
    <skipped/>
  </testcase> <!-- @AfterMethod tearDown -->
  <testcase classname="com.orangehrm.tests.LoginTests" name="@BeforeMethod setup" time="0.0">
    <skipped/>
  </testcase> <!-- @BeforeMethod setup -->
  <testcase classname="com.orangehrm.tests.LoginTests" name="@AfterMethod tearDown" time="0.0">
    <skipped/>
  </testcase> <!-- @AfterMethod tearDown -->
  <testcase classname="com.orangehrm.tests.LoginTests" name="@BeforeMethod setup" time="0.0">
    <skipped/>
  </testcase> <!-- @BeforeMethod setup -->
  <testcase classname="com.orangehrm.tests.LoginTests" name="@AfterMethod tearDown" time="0.0">
    <skipped/>
  </testcase> <!-- @AfterMethod tearDown -->
  <testcase classname="com.orangehrm.tests.LoginTests" name="@BeforeMethod setup" time="0.0">
    <skipped/>
  </testcase> <!-- @BeforeMethod setup -->
  <testcase classname="com.orangehrm.tests.LoginTests" name="@AfterMethod tearDown" time="0.0">
    <skipped/>
  </testcase> <!-- @AfterMethod tearDown -->
  <testcase classname="com.orangehrm.tests.LoginTests" name="@BeforeMethod setup" time="0.0">
    <skipped/>
  </testcase> <!-- @BeforeMethod setup -->
  <testcase classname="com.orangehrm.tests.LoginTests" name="@AfterMethod tearDown" time="0.0">
    <skipped/>
  </testcase> <!-- @AfterMethod tearDown -->
  <testcase classname="com.orangehrm.tests.DashboardTests" name="@BeforeMethod setup" time="0.001">
    <failure type="java.lang.NoClassDefFoundError" message="Could not initialize class com.orangehrm.utils.ConfigReader">
      <![CDATA[java.lang.NoClassDefFoundError: Could not initialize class com.orangehrm.utils.ConfigReader
at com.orangehrm.managers.DriverManager.getDriver(DriverManager.java:18)
at com.orangehrm.tests.DashboardTests.setup(DashboardTests.java:20)
at java.base/java.util.ArrayList.forEach(ArrayList.java:1511)
Caused by: java.lang.ExceptionInInitializerError: Exception java.lang.RuntimeException: Failed to load config.properties [in thread "main"]
at com.orangehrm.utils.ConfigReader.<clinit>(ConfigReader.java:15)
at com.orangehrm.managers.DriverManager.getDriver(DriverManager.java:18)
at com.orangehrm.tests.LoginTests.setup(LoginTests.java:25)
... 32 more
... Removed 31 stack frames]]>
    </failure>
  </testcase> <!-- @BeforeMethod setup -->
  <testcase classname="com.orangehrm.tests.DashboardTests" name="@AfterMethod tearDown" time="0.0">
    <skipped/>
  </testcase> <!-- @AfterMethod tearDown -->
  <testcase classname="com.orangehrm.tests.LeaveTests" name="@BeforeMethod setup" time="0.001">
    <failure type="java.lang.NoClassDefFoundError" message="Could not initialize class com.orangehrm.utils.ConfigReader">
      <![CDATA[java.lang.NoClassDefFoundError: Could not initialize class com.orangehrm.utils.ConfigReader
at com.orangehrm.managers.DriverManager.getDriver(DriverManager.java:18)
at com.orangehrm.tests.LeaveTests.setup(LeaveTests.java:23)
at java.base/java.util.ArrayList.forEach(ArrayList.java:1511)
Caused by: java.lang.ExceptionInInitializerError: Exception java.lang.RuntimeException: Failed to load config.properties [in thread "main"]
at com.orangehrm.utils.ConfigReader.<clinit>(ConfigReader.java:15)
at com.orangehrm.managers.DriverManager.getDriver(DriverManager.java:18)
at com.orangehrm.tests.LoginTests.setup(LoginTests.java:25)
... 32 more
... Removed 31 stack frames]]>
    </failure>
  </testcase> <!-- @BeforeMethod setup -->
  <testcase classname="com.orangehrm.tests.LeaveTests" name="@AfterMethod tearDown" time="0.0">
    <skipped/>
  </testcase> <!-- @AfterMethod tearDown -->
  <testcase classname="com.orangehrm.tests.AdminTests" name="@BeforeMethod setup" time="0.001">
    <failure type="java.lang.NoClassDefFoundError" message="Could not initialize class com.orangehrm.utils.ConfigReader">
      <![CDATA[java.lang.NoClassDefFoundError: Could not initialize class com.orangehrm.utils.ConfigReader
at com.orangehrm.managers.DriverManager.getDriver(DriverManager.java:18)
at com.orangehrm.tests.AdminTests.setup(AdminTests.java:23)
at java.base/java.util.ArrayList.forEach(ArrayList.java:1511)
Caused by: java.lang.ExceptionInInitializerError: Exception java.lang.RuntimeException: Failed to load config.properties [in thread "main"]
at com.orangehrm.utils.ConfigReader.<clinit>(ConfigReader.java:15)
at com.orangehrm.managers.DriverManager.getDriver(DriverManager.java:18)
at com.orangehrm.tests.LoginTests.setup(LoginTests.java:25)
... 32 more
... Removed 31 stack frames]]>
    </failure>
  </testcase> <!-- @BeforeMethod setup -->
  <testcase classname="com.orangehrm.tests.AdminTests" name="@AfterMethod tearDown" time="0.0">
    <skipped/>
  </testcase> <!-- @AfterMethod tearDown -->
  <testcase classname="com.orangehrm.tests.LoginTests" name="testLoginWithDataProvider" time="0.0">
    <failure type="java.lang.RuntimeException" message="java.lang.RuntimeException: Failed to read Excel: Excel file not found: resources/testdata.xlsx">
      <![CDATA[java.lang.RuntimeException: java.lang.RuntimeException: Failed to read Excel: Excel file not found: resources/testdata.xlsx
at java.base/java.util.ArrayList.forEach(ArrayList.java:1511)
Caused by: java.lang.RuntimeException: Failed to read Excel: Excel file not found: resources/testdata.xlsx
at com.orangehrm.utils.ExcelReader.readSheet(ExcelReader.java:48)
at com.orangehrm.data.TestDataProvider.loginData(TestDataProvider.java:15)
... 25 more
Caused by: java.lang.RuntimeException: Excel file not found: resources/testdata.xlsx
at com.orangehrm.utils.ExcelReader.readSheet(ExcelReader.java:17)
... 33 more
... Removed 32 stack frames]]>
    </failure>
  </testcase> <!-- testLoginWithDataProvider -->
  <testcase classname="com.orangehrm.tests.LoginTests" name="testSuccessfulLogin" time="0.0">
    <skipped/>
  </testcase> <!-- testSuccessfulLogin -->
  <testcase classname="com.orangehrm.tests.LoginTests" name="testInvalidUsername" time="0.001">
    <skipped/>
  </testcase> <!-- testInvalidUsername -->
  <testcase classname="com.orangehrm.tests.LoginTests" name="testInvalidPassword" time="0.0">
    <skipped/>
  </testcase> <!-- testInvalidPassword -->
  <testcase classname="com.orangehrm.tests.LoginTests" name="testEmptyCredentials" time="0.001">
    <skipped/>
  </testcase> <!-- testEmptyCredentials -->
  <testcase classname="com.orangehrm.tests.LoginTests" name="testLogout" time="0.002">
    <skipped/>
  </testcase> <!-- testLogout -->
  <testcase classname="com.orangehrm.tests.PIMTests" name="testAddEmployeeAndFillDetails" time="0.0">
    <failure type="java.lang.RuntimeException" message="java.lang.RuntimeException: Failed to read Excel: Excel file not found: resources/testdata.xlsx">
      <![CDATA[java.lang.RuntimeException: java.lang.RuntimeException: Failed to read Excel: Excel file not found: resources/testdata.xlsx
at java.base/java.util.ArrayList.forEach(ArrayList.java:1511)
Caused by: java.lang.RuntimeException: Failed to read Excel: Excel file not found: resources/testdata.xlsx
at com.orangehrm.utils.ExcelReader.readSheet(ExcelReader.java:48)
at com.orangehrm.data.TestDataProvider.employeeData(TestDataProvider.java:21)
... 25 more
Caused by: java.lang.RuntimeException: Excel file not found: resources/testdata.xlsx
at com.orangehrm.utils.ExcelReader.readSheet(ExcelReader.java:17)
... 33 more
... Removed 32 stack frames]]>
    </failure>
  </testcase> <!-- testAddEmployeeAndFillDetails -->
  <testcase classname="com.orangehrm.tests.DashboardTests" name="verifyDashboardVisible" time="0.001">
    <skipped/>
  </testcase> <!-- verifyDashboardVisible -->
  <testcase classname="com.orangehrm.tests.LeaveTests" name="testApplyLeave" time="0.0">
    <failure type="java.lang.RuntimeException" message="java.lang.RuntimeException: Failed to read Excel: Excel file not found: resources/testdata.xlsx">
      <![CDATA[java.lang.RuntimeException: java.lang.RuntimeException: Failed to read Excel: Excel file not found: resources/testdata.xlsx
at java.base/java.util.ArrayList.forEach(ArrayList.java:1511)
Caused by: java.lang.RuntimeException: Failed to read Excel: Excel file not found: resources/testdata.xlsx
at com.orangehrm.utils.ExcelReader.readSheet(ExcelReader.java:48)
at com.orangehrm.data.TestDataProvider.leaveData(TestDataProvider.java:51)
... 25 more
Caused by: java.lang.RuntimeException: Excel file not found: resources/testdata.xlsx
at com.orangehrm.utils.ExcelReader.readSheet(ExcelReader.java:17)
... 33 more
... Removed 32 stack frames]]>
    </failure>
  </testcase> <!-- testApplyLeave -->
  <testcase classname="com.orangehrm.tests.LeaveTests" name="testViewReports" time="0.0">
    <skipped/>
  </testcase> <!-- testViewReports -->
  <testcase classname="com.orangehrm.tests.AdminTests" name="verifyEmployeeCannotAccessAdmin" time="0.001">
    <skipped/>
  </testcase> <!-- verifyEmployeeCannotAccessAdmin -->
  <testcase classname="com.orangehrm.tests.AdminTests" name="testAddAdminUsers" time="0.0">
    <failure type="java.lang.RuntimeException" message="java.lang.RuntimeException: Failed to read Excel: Excel file not found: resources/testdata.xlsx">
      <![CDATA[java.lang.RuntimeException: java.lang.RuntimeException: Failed to read Excel: Excel file not found: resources/testdata.xlsx
at java.base/java.util.ArrayList.forEach(ArrayList.java:1511)
Caused by: java.lang.RuntimeException: Failed to read Excel: Excel file not found: resources/testdata.xlsx
at com.orangehrm.utils.ExcelReader.readSheet(ExcelReader.java:48)
at com.orangehrm.data.TestDataProvider.adminUsers(TestDataProvider.java:27)
... 25 more
Caused by: java.lang.RuntimeException: Excel file not found: resources/testdata.xlsx
at com.orangehrm.utils.ExcelReader.readSheet(ExcelReader.java:17)
... 33 more
... Removed 32 stack frames]]>
    </failure>
  </testcase> <!-- testAddAdminUsers -->
  <testcase classname="com.orangehrm.tests.AdminTests" name="testAddJobTitle" time="0.0">
    <failure type="java.lang.RuntimeException" message="java.lang.RuntimeException: Failed to read Excel: Excel file not found: resources/testdata.xlsx">
      <![CDATA[java.lang.RuntimeException: java.lang.RuntimeException: Failed to read Excel: Excel file not found: resources/testdata.xlsx
at java.base/java.util.ArrayList.forEach(ArrayList.java:1511)
Caused by: java.lang.RuntimeException: Failed to read Excel: Excel file not found: resources/testdata.xlsx
at com.orangehrm.utils.ExcelReader.readSheet(ExcelReader.java:48)
at com.orangehrm.data.TestDataProvider.jobTitles(TestDataProvider.java:33)
... 25 more
Caused by: java.lang.RuntimeException: Excel file not found: resources/testdata.xlsx
at com.orangehrm.utils.ExcelReader.readSheet(ExcelReader.java:17)
... 33 more
... Removed 32 stack frames]]>
    </failure>
  </testcase> <!-- testAddJobTitle -->
  <testcase classname="com.orangehrm.tests.AdminTests" name="testAddPayGrades" time="0.0">
    <failure type="java.lang.RuntimeException" message="java.lang.RuntimeException: Failed to read Excel: Excel file not found: resources/testdata.xlsx">
      <![CDATA[java.lang.RuntimeException: java.lang.RuntimeException: Failed to read Excel: Excel file not found: resources/testdata.xlsx
at java.base/java.util.ArrayList.forEach(ArrayList.java:1511)
Caused by: java.lang.RuntimeException: Failed to read Excel: Excel file not found: resources/testdata.xlsx
at com.orangehrm.utils.ExcelReader.readSheet(ExcelReader.java:48)
at com.orangehrm.data.TestDataProvider.payGrades(TestDataProvider.java:39)
... 25 more
Caused by: java.lang.RuntimeException: Excel file not found: resources/testdata.xlsx
at com.orangehrm.utils.ExcelReader.readSheet(ExcelReader.java:17)
... 33 more
... Removed 32 stack frames]]>
    </failure>
  </testcase> <!-- testAddPayGrades -->
  <testcase classname="com.orangehrm.tests.AdminTests" name="testAddEmploymentStatus" time="0.0">
    <failure type="java.lang.RuntimeException" message="java.lang.RuntimeException: Failed to read Excel: Excel file not found: resources/testdata.xlsx">
      <![CDATA[java.lang.RuntimeException: java.lang.RuntimeException: Failed to read Excel: Excel file not found: resources/testdata.xlsx
at java.base/java.util.ArrayList.forEach(ArrayList.java:1511)
Caused by: java.lang.RuntimeException: Failed to read Excel: Excel file not found: resources/testdata.xlsx
at com.orangehrm.utils.ExcelReader.readSheet(ExcelReader.java:48)
at com.orangehrm.data.TestDataProvider.employmentStatus(TestDataProvider.java:45)
... 25 more
Caused by: java.lang.RuntimeException: Excel file not found: resources/testdata.xlsx
at com.orangehrm.utils.ExcelReader.readSheet(ExcelReader.java:17)
... 33 more
... Removed 32 stack frames]]>
    </failure>
  </testcase> <!-- testAddEmploymentStatus -->
</testsuite> <!-- E2E Flow -->
