<?xml version="1.0" encoding="UTF-8"?>
<testng-results ignored="0" total="3" passed="3" failed="0" skipped="0">
  <reporter-output>
  </reporter-output>
  <suite started-at="2025-10-13T04:01:26 IST" name="Default suite" finished-at="2025-10-13T04:02:54 IST" duration-ms="87994">
    <groups>
    </groups>
    <test started-at="2025-10-13T04:01:26 IST" name="Default test" finished-at="2025-10-13T04:02:54 IST" duration-ms="87994">
      <class name="com.orangehrm.tests.LeaveTests">
        <test-method is-config="true" signature="setUp(java.lang.String)[pri:0, instance:com.orangehrm.tests.LeaveTests@3c9754d8]" started-at="2025-10-13T04:01:26 IST" name="setUp" finished-at="2025-10-13T04:01:46 IST" duration-ms="19630" status="PASS">
          <params>
            <param index="0">
              <value is-null="true"/>
            </param>
          </params>
          <reporter-output>
          </reporter-output>
        </test-method> <!-- setUp -->
        <test-method signature="testApplyLeave(java.lang.String,java.lang.String,java.lang.String,java.lang.String)[pri:1, instance:com.orangehrm.tests.LeaveTests@3c9754d8]" started-at="2025-10-13T04:01:48 IST" name="testApplyLeave" description="Apply Leave" data-provider="applyData" finished-at="2025-10-13T04:02:01 IST" duration-ms="13335" status="PASS">
          <params>
            <param index="0">
              <value>
                <![CDATA[CAN - Bereavement]]>
              </value>
            </param>
            <param index="1">
              <value>
                <![CDATA[08/10/2025]]>
              </value>
            </param>
            <param index="2">
              <value>
                <![CDATA[09/10/2025]]>
              </value>
            </param>
            <param index="3">
              <value>
                <![CDATA[Apply via DP]]>
              </value>
            </param>
          </params>
          <reporter-output>
          </reporter-output>
        </test-method> <!-- testApplyLeave -->
        <test-method signature="testAssignLeave(java.lang.String,java.lang.String,java.lang.String,java.lang.String,java.lang.String)[pri:2, instance:com.orangehrm.tests.LeaveTests@3c9754d8]" started-at="2025-10-13T04:02:01 IST" name="testAssignLeave" description="Assign Leave" data-provider="assignData" finished-at="2025-10-13T04:02:28 IST" duration-ms="27277" status="PASS">
          <params>
            <param index="0">
              <value>
                <![CDATA[Musthafa Sheik Sheik]]>
              </value>
            </param>
            <param index="1">
              <value>
                <![CDATA[CAN - Personal]]>
              </value>
            </param>
            <param index="2">
              <value>
                <![CDATA[08/10/2025]]>
              </value>
            </param>
            <param index="3">
              <value>
                <![CDATA[09/10/2025]]>
              </value>
            </param>
            <param index="4">
              <value>
                <![CDATA[Assign via DP]]>
              </value>
            </param>
          </params>
          <reporter-output>
          </reporter-output>
        </test-method> <!-- testAssignLeave -->
        <test-method signature="testMyLeave(java.lang.String,java.lang.String,java.lang.String,java.lang.String,java.lang.String)[pri:3, instance:com.orangehrm.tests.LeaveTests@3c9754d8]" started-at="2025-10-13T04:02:29 IST" name="testMyLeave" description="My Leave search" data-provider="myLeaveData" finished-at="2025-10-13T04:02:54 IST" duration-ms="24970" status="PASS">
          <params>
            <param index="0">
              <value>
                <![CDATA[Musthafa Sheik Sheik]]>
              </value>
            </param>
            <param index="1">
              <value>
                <![CDATA[CAN - Personal]]>
              </value>
            </param>
            <param index="2">
              <value>
                <![CDATA[08/10/2025]]>
              </value>
            </param>
            <param index="3">
              <value>
                <![CDATA[09/10/2025]]>
              </value>
            </param>
            <param index="4">
              <value>
                <![CDATA[]]>
              </value>
            </param>
          </params>
          <reporter-output>
          </reporter-output>
        </test-method> <!-- testMyLeave -->
        <test-method is-config="true" signature="tearDown()[pri:0, instance:com.orangehrm.tests.LeaveTests@3c9754d8]" started-at="2025-10-13T04:02:54 IST" name="tearDown" finished-at="2025-10-13T04:02:54 IST" duration-ms="793" status="PASS">
          <reporter-output>
          </reporter-output>
        </test-method> <!-- tearDown -->
      </class> <!-- com.orangehrm.tests.LeaveTests -->
    </test> <!-- Default test -->
  </suite> <!-- Default suite -->
</testng-results>
