<?xml version="1.0" encoding="UTF-8"?>
<testng-results ignored="0" total="5" passed="3" failed="2" skipped="0">
  <reporter-output>
    <line>
      <![CDATA[Entitlements Leave Types (actual): [CAN - Bereavement, CAN - FMLA, CAN - Matternity, CAN - Personal, CAN - Vacation, US - Bereavement, US - FMLA, US - Matternity, US - Personal, US - Vacation]]]>
    </line>
  </reporter-output>
  <suite started-at="2025-10-08T01:58:26 IST" name="Default suite" finished-at="2025-10-08T02:05:02 IST" duration-ms="395856">
    <groups>
    </groups>
    <test started-at="2025-10-08T01:58:26 IST" name="Default test" finished-at="2025-10-08T02:05:02 IST" duration-ms="395856">
      <class name="com.orangehrm.tests.LeaveTests">
        <test-method is-config="true" signature="setup(java.lang.String)[pri:0, instance:com.orangehrm.tests.LeaveTests@320de594]" started-at="2025-10-08T01:58:26 IST" name="setup" finished-at="2025-10-08T01:58:45 IST" duration-ms="18700" status="PASS">
          <params>
            <param index="0">
              <value is-null="true"/>
            </param>
          </params>
          <reporter-output>
          </reporter-output>
        </test-method> <!-- setup -->
        <test-method signature="verifyApply_Smart()[pri:1, instance:com.orangehrm.tests.LeaveTests@320de594]" started-at="2025-10-08T01:58:45 IST" name="verifyApply_Smart" description="Verify Apply functionality (passes if &#039;No Leave Types with Leave Balance&#039; banner shown)." finished-at="2025-10-08T01:59:39 IST" duration-ms="54533" status="PASS">
          <reporter-output>
          </reporter-output>
        </test-method> <!-- verifyApply_Smart -->
        <test-method is-config="true" signature="afterEach(org.testng.ITestResult)[pri:0, instance:com.orangehrm.tests.LeaveTests@320de594]" started-at="2025-10-08T01:59:39 IST" name="afterEach" finished-at="2025-10-08T01:59:39 IST" duration-ms="1" status="PASS">
          <params>
            <param index="0">
              <value>
                <![CDATA[[TestResult name=verifyApply_Smart status=SUCCESS method=LeaveTests.verifyApply_Smart()[pri:1, instance:com.orangehrm.tests.LeaveTests@320de594] output={null}]]]>
              </value>
            </param>
          </params>
          <reporter-output>
          </reporter-output>
        </test-method> <!-- afterEach -->
        <test-method signature="verifyAssign_Basic()[pri:3, instance:com.orangehrm.tests.LeaveTests@320de594]" started-at="2025-10-08T01:59:40 IST" name="verifyAssign_Basic" description="Verify Assign functionality (autocomplete picks suggestion)." finished-at="2025-10-08T02:01:25 IST" duration-ms="105199" status="FAIL">
          <exception class="java.lang.AssertionError">
            <message>
              <![CDATA[Assign leave failed. expected [true] but found [false]]]>
            </message>
            <full-stacktrace>
              <![CDATA[java.lang.AssertionError: Assign leave failed. expected [true] but found [false]
at org.testng.Assert.fail(Assert.java:111)
at org.testng.Assert.failNotEquals(Assert.java:1590)
at org.testng.Assert.assertTrue(Assert.java:57)
at com.orangehrm.tests.LeaveTests.verifyAssign_Basic(LeaveTests.java:80)
at java.base/jdk.internal.reflect.NativeMethodAccessorImpl.invoke0(Native Method)
at java.base/jdk.internal.reflect.NativeMethodAccessorImpl.invoke(NativeMethodAccessorImpl.java:77)
at java.base/jdk.internal.reflect.DelegatingMethodAccessorImpl.invoke(DelegatingMethodAccessorImpl.java:43)
at java.base/java.lang.reflect.Method.invoke(Method.java:568)
at org.testng.internal.invokers.MethodInvocationHelper.invokeMethod(MethodInvocationHelper.java:141)
at org.testng.internal.invokers.TestInvoker.invokeMethod(TestInvoker.java:687)
at org.testng.internal.invokers.TestInvoker.invokeTestMethod(TestInvoker.java:230)
at org.testng.internal.invokers.MethodRunner.runInSequence(MethodRunner.java:63)
at org.testng.internal.invokers.TestInvoker$MethodInvocationAgent.invoke(TestInvoker.java:995)
at org.testng.internal.invokers.TestInvoker.invokeTestMethods(TestInvoker.java:203)
at org.testng.internal.invokers.TestMethodWorker.invokeTestMethods(TestMethodWorker.java:154)
at org.testng.internal.invokers.TestMethodWorker.run(TestMethodWorker.java:134)
at java.base/java.util.ArrayList.forEach(ArrayList.java:1511)
at org.testng.TestRunner.privateRun(TestRunner.java:741)
at org.testng.TestRunner.run(TestRunner.java:616)
at org.testng.SuiteRunner.runTest(SuiteRunner.java:421)
at org.testng.SuiteRunner.runSequentially(SuiteRunner.java:413)
at org.testng.SuiteRunner.privateRun(SuiteRunner.java:373)
at org.testng.SuiteRunner.run(SuiteRunner.java:312)
at org.testng.SuiteRunnerWorker.runSuite(SuiteRunnerWorker.java:52)
at org.testng.SuiteRunnerWorker.run(SuiteRunnerWorker.java:95)
at org.testng.TestNG.runSuitesSequentially(TestNG.java:1274)
at org.testng.TestNG.runSuitesLocally(TestNG.java:1208)
at org.testng.TestNG.runSuites(TestNG.java:1112)
at org.testng.TestNG.run(TestNG.java:1079)
at org.testng.remote.AbstractRemoteTestNG.run(AbstractRemoteTestNG.java:115)
at org.testng.remote.RemoteTestNG.initAndRun(RemoteTestNG.java:293)
at org.testng.remote.RemoteTestNG.main(RemoteTestNG.java:91)
]]>
            </full-stacktrace>
          </exception> <!-- java.lang.AssertionError -->
          <reporter-output>
          </reporter-output>
        </test-method> <!-- verifyAssign_Basic -->
        <test-method is-config="true" signature="afterEach(org.testng.ITestResult)[pri:0, instance:com.orangehrm.tests.LeaveTests@320de594]" started-at="2025-10-08T02:01:25 IST" name="afterEach" finished-at="2025-10-08T02:01:25 IST" duration-ms="1" status="PASS">
          <params>
            <param index="0">
              <value>
                <![CDATA[[TestResult name=verifyAssign_Basic status=FAILURE method=LeaveTests.verifyAssign_Basic()[pri:3, instance:com.orangehrm.tests.LeaveTests@320de594] output={null}]]]>
              </value>
            </param>
          </params>
          <reporter-output>
          </reporter-output>
        </test-method> <!-- afterEach -->
        <test-method signature="verifyMyLeave_FromSheet()[pri:5, instance:com.orangehrm.tests.LeaveTests@320de594]" started-at="2025-10-08T02:01:25 IST" name="verifyMyLeave_FromSheet" description="Verify My Leave table loads for the date range and optional Status (sheet: MyLeave)." finished-at="2025-10-08T02:02:49 IST" duration-ms="83233" status="PASS">
          <reporter-output>
          </reporter-output>
        </test-method> <!-- verifyMyLeave_FromSheet -->
        <test-method is-config="true" signature="afterEach(org.testng.ITestResult)[pri:0, instance:com.orangehrm.tests.LeaveTests@320de594]" started-at="2025-10-08T02:02:49 IST" name="afterEach" finished-at="2025-10-08T02:02:49 IST" duration-ms="1" status="PASS">
          <params>
            <param index="0">
              <value>
                <![CDATA[[TestResult name=verifyMyLeave_FromSheet status=SUCCESS method=LeaveTests.verifyMyLeave_FromSheet()[pri:5, instance:com.orangehrm.tests.LeaveTests@320de594] output={null}]]]>
              </value>
            </param>
          </params>
          <reporter-output>
          </reporter-output>
        </test-method> <!-- afterEach -->
        <test-method signature="verifyEntitlements_LeaveTypesList()[pri:6, instance:com.orangehrm.tests.LeaveTests@320de594]" started-at="2025-10-08T02:02:49 IST" name="verifyEntitlements_LeaveTypesList" description="Verify Entitlements → Add Entitlements shows correct Leave Types (optional sheet: LeaveTypes)." finished-at="2025-10-08T02:03:48 IST" duration-ms="59529" status="PASS">
          <reporter-output>
            <line>
              <![CDATA[Entitlements Leave Types (actual): [CAN - Bereavement, CAN - FMLA, CAN - Matternity, CAN - Personal, CAN - Vacation, US - Bereavement, US - FMLA, US - Matternity, US - Personal, US - Vacation]]]>
            </line>
          </reporter-output>
        </test-method> <!-- verifyEntitlements_LeaveTypesList -->
        <test-method is-config="true" signature="afterEach(org.testng.ITestResult)[pri:0, instance:com.orangehrm.tests.LeaveTests@320de594]" started-at="2025-10-08T02:03:48 IST" name="afterEach" finished-at="2025-10-08T02:03:48 IST" duration-ms="0" status="PASS">
          <params>
            <param index="0">
              <value>
                <![CDATA[[TestResult name=verifyEntitlements_LeaveTypesList status=SUCCESS method=LeaveTests.verifyEntitlements_LeaveTypesList()[pri:6, instance:com.orangehrm.tests.LeaveTests@320de594] output=Entitlements Leave Types (actual): [CAN - Bereavement, CAN - FMLA, CAN - Matternity, CAN - Personal, CAN - Vacation, US - Bereavement, US - FMLA, US - Matternity, US - Personal, US - Vacation]]]]>
              </value>
            </param>
          </params>
          <reporter-output>
          </reporter-output>
        </test-method> <!-- afterEach -->
        <test-method signature="verifyReports_LeaveBalance()[pri:7, instance:com.orangehrm.tests.LeaveTests@320de594]" started-at="2025-10-08T02:03:48 IST" name="verifyReports_LeaveBalance" description="Verify Leave Balance report renders rows." finished-at="2025-10-08T02:05:01 IST" duration-ms="72956" status="FAIL">
          <exception class="java.lang.AssertionError">
            <message>
              <![CDATA[Report did not render. expected [true] but found [false]]]>
            </message>
            <full-stacktrace>
              <![CDATA[java.lang.AssertionError: Report did not render. expected [true] but found [false]
at org.testng.Assert.fail(Assert.java:111)
at org.testng.Assert.failNotEquals(Assert.java:1590)
at org.testng.Assert.assertTrue(Assert.java:57)
at com.orangehrm.tests.LeaveTests.verifyReports_LeaveBalance(LeaveTests.java:152)
at java.base/jdk.internal.reflect.NativeMethodAccessorImpl.invoke0(Native Method)
at java.base/jdk.internal.reflect.NativeMethodAccessorImpl.invoke(NativeMethodAccessorImpl.java:77)
at java.base/jdk.internal.reflect.DelegatingMethodAccessorImpl.invoke(DelegatingMethodAccessorImpl.java:43)
at java.base/java.lang.reflect.Method.invoke(Method.java:568)
at org.testng.internal.invokers.MethodInvocationHelper.invokeMethod(MethodInvocationHelper.java:141)
at org.testng.internal.invokers.TestInvoker.invokeMethod(TestInvoker.java:687)
at org.testng.internal.invokers.TestInvoker.invokeTestMethod(TestInvoker.java:230)
at org.testng.internal.invokers.MethodRunner.runInSequence(MethodRunner.java:63)
at org.testng.internal.invokers.TestInvoker$MethodInvocationAgent.invoke(TestInvoker.java:995)
at org.testng.internal.invokers.TestInvoker.invokeTestMethods(TestInvoker.java:203)
at org.testng.internal.invokers.TestMethodWorker.invokeTestMethods(TestMethodWorker.java:154)
at org.testng.internal.invokers.TestMethodWorker.run(TestMethodWorker.java:134)
at java.base/java.util.ArrayList.forEach(ArrayList.java:1511)
at org.testng.TestRunner.privateRun(TestRunner.java:741)
at org.testng.TestRunner.run(TestRunner.java:616)
at org.testng.SuiteRunner.runTest(SuiteRunner.java:421)
at org.testng.SuiteRunner.runSequentially(SuiteRunner.java:413)
at org.testng.SuiteRunner.privateRun(SuiteRunner.java:373)
at org.testng.SuiteRunner.run(SuiteRunner.java:312)
at org.testng.SuiteRunnerWorker.runSuite(SuiteRunnerWorker.java:52)
at org.testng.SuiteRunnerWorker.run(SuiteRunnerWorker.java:95)
at org.testng.TestNG.runSuitesSequentially(TestNG.java:1274)
at org.testng.TestNG.runSuitesLocally(TestNG.java:1208)
at org.testng.TestNG.runSuites(TestNG.java:1112)
at org.testng.TestNG.run(TestNG.java:1079)
at org.testng.remote.AbstractRemoteTestNG.run(AbstractRemoteTestNG.java:115)
at org.testng.remote.RemoteTestNG.initAndRun(RemoteTestNG.java:293)
at org.testng.remote.RemoteTestNG.main(RemoteTestNG.java:91)
]]>
            </full-stacktrace>
          </exception> <!-- java.lang.AssertionError -->
          <reporter-output>
          </reporter-output>
        </test-method> <!-- verifyReports_LeaveBalance -->
        <test-method is-config="true" signature="afterEach(org.testng.ITestResult)[pri:0, instance:com.orangehrm.tests.LeaveTests@320de594]" started-at="2025-10-08T02:05:01 IST" name="afterEach" finished-at="2025-10-08T02:05:01 IST" duration-ms="1" status="PASS">
          <params>
            <param index="0">
              <value>
                <![CDATA[[TestResult name=verifyReports_LeaveBalance status=FAILURE method=LeaveTests.verifyReports_LeaveBalance()[pri:7, instance:com.orangehrm.tests.LeaveTests@320de594] output={null}]]]>
              </value>
            </param>
          </params>
          <reporter-output>
          </reporter-output>
        </test-method> <!-- afterEach -->
        <test-method is-config="true" signature="tearDown()[pri:0, instance:com.orangehrm.tests.LeaveTests@320de594]" started-at="2025-10-08T02:05:01 IST" name="tearDown" finished-at="2025-10-08T02:05:02 IST" duration-ms="624" status="PASS">
          <reporter-output>
          </reporter-output>
        </test-method> <!-- tearDown -->
      </class> <!-- com.orangehrm.tests.LeaveTests -->
    </test> <!-- Default test -->
  </suite> <!-- Default suite -->
</testng-results>
